<?xml version="1.0" encoding="UTF-8"?>
<!-- Generated by org.testng.reporters.JUnitXMLReporter -->
<testsuite hostname="DESKTOP-LSKACAV" ignored="1" name="Smoke Test" tests="1" failures="0" timestamp="2022-12-13T20:13:01 GMT" time="12.822" errors="0">
  <testcase name="userShouldNavigateToForgotPasswordPageSuccessfully" time="1.126" classname="com.orangehrmlive.demo.testsuite.LoginPageTest"/>
  <testcase name="userShouldLoginSuccessfullyWithValidCredentials" time="0.0" classname="com.orangehrmlive.demo.testsuite.LoginPageTest">
    <ignored/>
  </testcase> <!-- userShouldLoginSuccessfullyWithValidCredentials -->
</testsuite> <!-- Smoke Test -->
