<?xml version="1.0" encoding="UTF-8"?>
<!-- Generated by org.testng.reporters.JUnitXMLReporter -->
<testsuite hostname="DESKTOP-LSKACAV" ignored="0" name="Login Test" tests="2" failures="0" timestamp="2022-12-12T00:17:10 GMT" time="12.723" errors="0">
  <testcase name="userShouldLoginSuccessfullyWithValidCredentials" time="1.7" classname="com.orangehrmlive.demo.testsuite.LoginPageTest"/>
  <testcase name="userShouldNavigateToForgotPasswordPageSuccessfully" time="0.949" classname="com.orangehrmlive.demo.testsuite.LoginPageTest"/>
</testsuite> <!-- Login Test -->
