<?xml version="1.0" encoding="UTF-8"?>
<!-- Generated by org.testng.reporters.JUnitXMLReporter -->
<testsuite hostname="DESKTOP-LSKACAV" ignored="0" name="Sanity Test" tests="2" failures="0" timestamp="2022-12-13T20:11:23 GMT" time="22.238" errors="0">
  <testcase name="userShouldLoginSuccessfullyWithValidCredentials" time="3.415" classname="com.orangehrmlive.demo.testsuite.LoginPageTest"/>
  <testcase name="userShouldNavigateToForgotPasswordPageSuccessfully" time="1.306" classname="com.orangehrmlive.demo.testsuite.LoginPageTest"/>
</testsuite> <!-- Sanity Test -->
