<?xml version="1.0" encoding="UTF-8"?>
<testsuite name="Regression Test"
           tests="2"
           failures="0"
           errors="0"
           skipped="0"
           time="3.473">
  <properties />
  
  
            <testcase name="userShouldNavigateToForgotPasswordPageSuccessfully" time="1.222" classname="com.orangehrmlive.demo.testsuite.LoginPageTest" />
                <testcase name="userShouldLoginSuccessfullyWithValidCredentials" time="2.251" classname="com.orangehrmlive.demo.testsuite.LoginPageTest" />
      
</testsuite>
