<?xml version="1.0" encoding="UTF-8"?>
<testng-results skipped="0" failed="0" ignored="1" total="2" passed="1">
  <reporter-output>
    <line>
      <![CDATA[clickOnForgotPasswordButton[[ChromeDriver: chrome on WINDOWS (b52a7668a3ad09e418f122412c68097e)] -> xpath: //p[text()='Forgot your password? ']]]]>
    </line>
    <line>
      <![CDATA[getVerifyText[[ChromeDriver: chrome on WINDOWS (b52a7668a3ad09e418f122412c68097e)] -> xpath: //h6[contains(@class,'oxd-text oxd-text--h6')]]]]>
    </line>
    <line>
      <![CDATA[Click to see screenshot]]>
    </line>
    <line>
      <![CDATA[<a target = "_blank" href=C:\Users\USER\IdeaProjects\testng-week15-orangehrmlive-naresh/test-output/html/userShouldNavigateToForgotPasswordPageSuccessfullyTue_Dec_13_20_12_59_GMT_2022.jpg>Screenshot</a>]]>
    </line>
    <line>
      <![CDATA[<br>]]>
    </line>
    <line>
      <![CDATA[<br>]]>
    </line>
    <line>
      <![CDATA[<a target = "_blank" href=C:\Users\USER\IdeaProjects\testng-week15-orangehrmlive-naresh/test-output/html/userShouldNavigateToForgotPasswordPageSuccessfullyTue_Dec_13_20_12_59_GMT_2022.jpg><img src=C:\Users\USER\IdeaProjects\testng-week15-orangehrmlive-naresh/test-output/html/userShouldNavigateToForgotPasswordPageSuccessfullyTue_Dec_13_20_12_59_GMT_2022.jpg height=200 width=200></img></a>]]>
    </line>
  </reporter-output>
  <suite name="Smoke suite" duration-ms="12822" started-at="2022-12-13T20:12:48 GMT" finished-at="2022-12-13T20:13:01 GMT">
    <groups>
      <group name="regression">
        <method signature="LoginPageTest.userShouldNavigateToForgotPasswordPageSuccessfully()[pri:0, instance:com.orangehrmlive.demo.testsuite.LoginPageTest@706a04ae]" name="userShouldNavigateToForgotPasswordPageSuccessfully" class="com.orangehrmlive.demo.testsuite.LoginPageTest"/>
      </group> <!-- regression -->
      <group name="smoke">
        <method signature="LoginPageTest.userShouldNavigateToForgotPasswordPageSuccessfully()[pri:0, instance:com.orangehrmlive.demo.testsuite.LoginPageTest@706a04ae]" name="userShouldNavigateToForgotPasswordPageSuccessfully" class="com.orangehrmlive.demo.testsuite.LoginPageTest"/>
      </group> <!-- smoke -->
      <group name="sanity">
        <method signature="LoginPageTest.userShouldNavigateToForgotPasswordPageSuccessfully()[pri:0, instance:com.orangehrmlive.demo.testsuite.LoginPageTest@706a04ae]" name="userShouldNavigateToForgotPasswordPageSuccessfully" class="com.orangehrmlive.demo.testsuite.LoginPageTest"/>
      </group> <!-- sanity -->
    </groups>
    <test name="Smoke Test" duration-ms="12822" started-at="2022-12-13T20:12:48 GMT" finished-at="2022-12-13T20:13:01 GMT">
      <class name="com.orangehrmlive.demo.testsuite.LoginPageTest">
        <test-method status="PASS" signature="setUp()[pri:0, instance:com.orangehrmlive.demo.testsuite.LoginPageTest@706a04ae]" name="setUp" is-config="true" duration-ms="9016" started-at="2022-12-13T20:12:49 GMT" finished-at="2022-12-13T20:12:58 GMT">
          <reporter-output>
          </reporter-output>
        </test-method> <!-- setUp -->
        <test-method status="PASS" signature="inIt()[pri:0, instance:com.orangehrmlive.demo.testsuite.LoginPageTest@706a04ae]" name="inIt" is-config="true" duration-ms="69" started-at="2022-12-13T20:12:58 GMT" finished-at="2022-12-13T20:12:58 GMT">
          <reporter-output>
          </reporter-output>
        </test-method> <!-- inIt -->
        <test-method status="PASS" signature="userShouldNavigateToForgotPasswordPageSuccessfully()[pri:0, instance:com.orangehrmlive.demo.testsuite.LoginPageTest@706a04ae]" name="userShouldNavigateToForgotPasswordPageSuccessfully" duration-ms="1126" started-at="2022-12-13T20:12:58 GMT" finished-at="2022-12-13T20:12:59 GMT">
          <reporter-output>
            <line>
              <![CDATA[clickOnForgotPasswordButton[[ChromeDriver: chrome on WINDOWS (b52a7668a3ad09e418f122412c68097e)] -> xpath: //p[text()='Forgot your password? ']]]]>
            </line>
            <line>
              <![CDATA[getVerifyText[[ChromeDriver: chrome on WINDOWS (b52a7668a3ad09e418f122412c68097e)] -> xpath: //h6[contains(@class,'oxd-text oxd-text--h6')]]]]>
            </line>
            <line>
              <![CDATA[Click to see screenshot]]>
            </line>
            <line>
              <![CDATA[<a target = "_blank" href=C:\Users\USER\IdeaProjects\testng-week15-orangehrmlive-naresh/test-output/html/userShouldNavigateToForgotPasswordPageSuccessfullyTue_Dec_13_20_12_59_GMT_2022.jpg>Screenshot</a>]]>
            </line>
            <line>
              <![CDATA[<br>]]>
            </line>
            <line>
              <![CDATA[<br>]]>
            </line>
            <line>
              <![CDATA[<a target = "_blank" href=C:\Users\USER\IdeaProjects\testng-week15-orangehrmlive-naresh/test-output/html/userShouldNavigateToForgotPasswordPageSuccessfullyTue_Dec_13_20_12_59_GMT_2022.jpg><img src=C:\Users\USER\IdeaProjects\testng-week15-orangehrmlive-naresh/test-output/html/userShouldNavigateToForgotPasswordPageSuccessfullyTue_Dec_13_20_12_59_GMT_2022.jpg height=200 width=200></img></a>]]>
            </line>
          </reporter-output>
        </test-method> <!-- userShouldNavigateToForgotPasswordPageSuccessfully -->
        <test-method status="PASS" signature="tearDown()[pri:0, instance:com.orangehrmlive.demo.testsuite.LoginPageTest@706a04ae]" name="tearDown" is-config="true" duration-ms="1461" started-at="2022-12-13T20:12:59 GMT" finished-at="2022-12-13T20:13:01 GMT">
          <reporter-output>
          </reporter-output>
        </test-method> <!-- tearDown -->
      </class> <!-- com.orangehrmlive.demo.testsuite.LoginPageTest -->
    </test> <!-- Smoke Test -->
  </suite> <!-- Smoke suite -->
</testng-results>
