<?xml version="1.0" encoding="UTF-8"?>
<!-- Generated by org.testng.reporters.JUnitXMLReporter -->
<testsuite hostname="DESKTOP-LSKACAV" ignored="0" name="Login Test" tests="2" failures="0" timestamp="2022-12-11T16:57:26 GMT" time="13.888" errors="0">
  <testcase name="userShouldLoginSuccessfullyWithValidCredentials" time="1.776" classname="com.orangehrmlive.demo.testsuite.LoginPageTest"/>
  <testcase name="userShouldNavigateToForgotPasswordPageSuccessfully" time="1.023" classname="com.orangehrmlive.demo.testsuite.LoginPageTest"/>
</testsuite> <!-- Login Test -->
